<?xml version="1.0" encoding="UTF-8"?>
<!-- Generated by org.testng.reporters.JUnitReportReporter -->
<testsuite hostname="C577LCOK" failures="0" tests="1" name="runnerFiles.runLoginTest" time="4.300" errors="0" timestamp="2022-02-18T17:56:26 IST" skipped="0">
  <testcase classname="runnerFiles.runLoginTest" name="runScenario" time="4.300"/>
  <system-out/>
</testsuite> <!-- runnerFiles.runLoginTest -->
