<?xml version="1.0" encoding="UTF-8"?>
<!-- Generated by org.testng.reporters.JUnitReportReporter -->
<testsuite hostname="DESKTOP-QP1H4JR" failures="0" tests="1" name="runnerFiles.runLoginTest" time="5.663" errors="0" timestamp="2022-02-16T10:41:15 IST" skipped="0">
  <testcase classname="runnerFiles.runLoginTest" name="runScenario" time="5.663"/>
  <system-out/>
</testsuite> <!-- runnerFiles.runLoginTest -->
